0 info it worked if it ends with ok
1 verbose cli [ 'C:\\Program Files\\nodejs\\node.exe',
1 verbose cli   'C:\\Program Files\\nodejs\\node_modules\\npm\\bin\\npm-cli.js',
1 verbose cli   'install' ]
2 info using npm@3.9.5
3 info using node@v6.2.2
4 silly loadCurrentTree Starting
5 silly install loadCurrentTree
6 silly install readLocalPackageData
7 silly install normalizeTree
8 silly loadCurrentTree Finishing
9 silly loadIdealTree Starting
10 silly install loadIdealTree
11 silly cloneCurrentTree Starting
12 silly install cloneCurrentTreeToIdealTree
13 silly cloneCurrentTree Finishing
14 silly loadShrinkwrap Starting
15 silly install loadShrinkwrap
16 silly loadShrinkwrap Finishing
17 silly loadAllDepsIntoIdealTree Starting
18 silly install loadAllDepsIntoIdealTree
19 silly loadAllDepsIntoIdealTree Finishing
20 silly idealTree:prePrune self-manager@1.0.0
20 silly idealTree:prePrune +-- accepts@1.3.3
20 silly idealTree:prePrune +-- array-flatten@1.1.1
20 silly idealTree:prePrune +-- body-parser@1.15.2
20 silly idealTree:prePrune +-- bower@1.7.9
20 silly idealTree:prePrune +-- bytes@2.4.0
20 silly idealTree:prePrune +-- content-disposition@0.5.1
20 silly idealTree:prePrune +-- content-type@1.0.2
20 silly idealTree:prePrune +-- cookie-signature@1.0.6
20 silly idealTree:prePrune +-- cookie@0.3.1
20 silly idealTree:prePrune +-- debug@2.2.0
20 silly idealTree:prePrune +-- depd@1.1.0
20 silly idealTree:prePrune +-- destroy@1.0.4
20 silly idealTree:prePrune +-- ee-first@1.1.1
20 silly idealTree:prePrune +-- encodeurl@1.0.1
20 silly idealTree:prePrune +-- escape-html@1.0.3
20 silly idealTree:prePrune +-- etag@1.7.0
20 silly idealTree:prePrune +-- express@4.14.0
20 silly idealTree:prePrune +-- finalhandler@0.5.0
20 silly idealTree:prePrune +-- forwarded@0.1.0
20 silly idealTree:prePrune +-- fresh@0.3.0
20 silly idealTree:prePrune +-- graceful-fs@3.0.11
20 silly idealTree:prePrune +-- http-errors@1.5.0
20 silly idealTree:prePrune +-- iconv-lite@0.4.13
20 silly idealTree:prePrune +-- inherits@2.0.1
20 silly idealTree:prePrune +-- ipaddr.js@1.1.1
20 silly idealTree:prePrune +-- jju@1.3.0
20 silly idealTree:prePrune +-- json-parse-helpfulerror@1.0.3
20 silly idealTree:prePrune +-- lodash@3.10.1
20 silly idealTree:prePrune +-- lowdb@0.10.3
20 silly idealTree:prePrune +-- media-typer@0.3.0
20 silly idealTree:prePrune +-- merge-descriptors@1.0.1
20 silly idealTree:prePrune +-- methods@1.1.2
20 silly idealTree:prePrune +-- mime-db@1.24.0
20 silly idealTree:prePrune +-- mime-types@2.1.12
20 silly idealTree:prePrune +-- mime@1.3.4
20 silly idealTree:prePrune +-- ms@0.7.1
20 silly idealTree:prePrune +-- natives@1.1.0
20 silly idealTree:prePrune +-- negotiator@0.6.1
20 silly idealTree:prePrune +-- on-finished@2.3.0
20 silly idealTree:prePrune +-- parseurl@1.3.1
20 silly idealTree:prePrune +-- path-to-regexp@0.1.7
20 silly idealTree:prePrune +-- proxy-addr@1.1.2
20 silly idealTree:prePrune +-- q@1.4.1
20 silly idealTree:prePrune +-- qs@6.2.0
20 silly idealTree:prePrune +-- range-parser@1.2.0
20 silly idealTree:prePrune +-- raw-body@2.1.7
20 silly idealTree:prePrune +-- send@0.14.1
20 silly idealTree:prePrune +-- serve-static@1.11.1
20 silly idealTree:prePrune +-- setprototypeof@1.0.1
20 silly idealTree:prePrune +-- statuses@1.3.0
20 silly idealTree:prePrune +-- steno@0.4.4
20 silly idealTree:prePrune | `-- graceful-fs@4.1.9
20 silly idealTree:prePrune +-- type-is@1.6.13
20 silly idealTree:prePrune +-- underscore-db@0.9.1
20 silly idealTree:prePrune +-- unpipe@1.0.0
20 silly idealTree:prePrune +-- utils-merge@1.0.0
20 silly idealTree:prePrune `-- vary@1.1.0
21 silly loadIdealTree Finishing
22 silly currentTree self-manager@1.0.0
22 silly currentTree +-- accepts@1.3.3
22 silly currentTree +-- array-flatten@1.1.1
22 silly currentTree +-- body-parser@1.15.2
22 silly currentTree +-- bower@1.7.9
22 silly currentTree +-- bytes@2.4.0
22 silly currentTree +-- content-disposition@0.5.1
22 silly currentTree +-- content-type@1.0.2
22 silly currentTree +-- cookie-signature@1.0.6
22 silly currentTree +-- cookie@0.3.1
22 silly currentTree +-- debug@2.2.0
22 silly currentTree +-- depd@1.1.0
22 silly currentTree +-- destroy@1.0.4
22 silly currentTree +-- ee-first@1.1.1
22 silly currentTree +-- encodeurl@1.0.1
22 silly currentTree +-- escape-html@1.0.3
22 silly currentTree +-- etag@1.7.0
22 silly currentTree +-- express@4.14.0
22 silly currentTree +-- finalhandler@0.5.0
22 silly currentTree +-- forwarded@0.1.0
22 silly currentTree +-- fresh@0.3.0
22 silly currentTree +-- graceful-fs@3.0.11
22 silly currentTree +-- http-errors@1.5.0
22 silly currentTree +-- iconv-lite@0.4.13
22 silly currentTree +-- inherits@2.0.1
22 silly currentTree +-- ipaddr.js@1.1.1
22 silly currentTree +-- jju@1.3.0
22 silly currentTree +-- json-parse-helpfulerror@1.0.3
22 silly currentTree +-- lodash@3.10.1
22 silly currentTree +-- lowdb@0.10.3
22 silly currentTree +-- media-typer@0.3.0
22 silly currentTree +-- merge-descriptors@1.0.1
22 silly currentTree +-- methods@1.1.2
22 silly currentTree +-- mime-db@1.24.0
22 silly currentTree +-- mime-types@2.1.12
22 silly currentTree +-- mime@1.3.4
22 silly currentTree +-- ms@0.7.1
22 silly currentTree +-- natives@1.1.0
22 silly currentTree +-- negotiator@0.6.1
22 silly currentTree +-- on-finished@2.3.0
22 silly currentTree +-- parseurl@1.3.1
22 silly currentTree +-- path-to-regexp@0.1.7
22 silly currentTree +-- proxy-addr@1.1.2
22 silly currentTree +-- q@1.4.1
22 silly currentTree +-- qs@6.2.0
22 silly currentTree +-- range-parser@1.2.0
22 silly currentTree +-- raw-body@2.1.7
22 silly currentTree +-- send@0.14.1
22 silly currentTree +-- serve-static@1.11.1
22 silly currentTree +-- setprototypeof@1.0.1
22 silly currentTree +-- statuses@1.3.0
22 silly currentTree +-- steno@0.4.4
22 silly currentTree | `-- graceful-fs@4.1.9
22 silly currentTree +-- type-is@1.6.13
22 silly currentTree +-- underscore-db@0.9.1
22 silly currentTree +-- unpipe@1.0.0
22 silly currentTree +-- utils-merge@1.0.0
22 silly currentTree `-- vary@1.1.0
23 silly idealTree self-manager@1.0.0
23 silly idealTree +-- accepts@1.3.3
23 silly idealTree +-- array-flatten@1.1.1
23 silly idealTree +-- body-parser@1.15.2
23 silly idealTree +-- bower@1.7.9
23 silly idealTree +-- bytes@2.4.0
23 silly idealTree +-- content-disposition@0.5.1
23 silly idealTree +-- content-type@1.0.2
23 silly idealTree +-- cookie-signature@1.0.6
23 silly idealTree +-- cookie@0.3.1
23 silly idealTree +-- debug@2.2.0
23 silly idealTree +-- depd@1.1.0
23 silly idealTree +-- destroy@1.0.4
23 silly idealTree +-- ee-first@1.1.1
23 silly idealTree +-- encodeurl@1.0.1
23 silly idealTree +-- escape-html@1.0.3
23 silly idealTree +-- etag@1.7.0
23 silly idealTree +-- express@4.14.0
23 silly idealTree +-- finalhandler@0.5.0
23 silly idealTree +-- forwarded@0.1.0
23 silly idealTree +-- fresh@0.3.0
23 silly idealTree +-- graceful-fs@3.0.11
23 silly idealTree +-- http-errors@1.5.0
23 silly idealTree +-- iconv-lite@0.4.13
23 silly idealTree +-- inherits@2.0.1
23 silly idealTree +-- ipaddr.js@1.1.1
23 silly idealTree +-- jju@1.3.0
23 silly idealTree +-- json-parse-helpfulerror@1.0.3
23 silly idealTree +-- lodash@3.10.1
23 silly idealTree +-- lowdb@0.10.3
23 silly idealTree +-- media-typer@0.3.0
23 silly idealTree +-- merge-descriptors@1.0.1
23 silly idealTree +-- methods@1.1.2
23 silly idealTree +-- mime-db@1.24.0
23 silly idealTree +-- mime-types@2.1.12
23 silly idealTree +-- mime@1.3.4
23 silly idealTree +-- ms@0.7.1
23 silly idealTree +-- natives@1.1.0
23 silly idealTree +-- negotiator@0.6.1
23 silly idealTree +-- on-finished@2.3.0
23 silly idealTree +-- parseurl@1.3.1
23 silly idealTree +-- path-to-regexp@0.1.7
23 silly idealTree +-- proxy-addr@1.1.2
23 silly idealTree +-- q@1.4.1
23 silly idealTree +-- qs@6.2.0
23 silly idealTree +-- range-parser@1.2.0
23 silly idealTree +-- raw-body@2.1.7
23 silly idealTree +-- send@0.14.1
23 silly idealTree +-- serve-static@1.11.1
23 silly idealTree +-- setprototypeof@1.0.1
23 silly idealTree +-- statuses@1.3.0
23 silly idealTree +-- steno@0.4.4
23 silly idealTree | `-- graceful-fs@4.1.9
23 silly idealTree +-- type-is@1.6.13
23 silly idealTree +-- underscore-db@0.9.1
23 silly idealTree +-- unpipe@1.0.0
23 silly idealTree +-- utils-merge@1.0.0
23 silly idealTree `-- vary@1.1.0
24 silly generateActionsToTake Starting
25 silly install generateActionsToTake
26 silly generateActionsToTake Finishing
27 silly diffTrees action count 0
28 silly decomposeActions action count 0
29 silly executeActions Starting
30 silly install executeActions
31 silly doSerial global-install 0
32 silly doParallel fetch 0
33 verbose correctMkdir C:\Users\Mario\AppData\Roaming\npm-cache\_locks correctMkdir not in flight; initializing
34 verbose lock using C:\Users\Mario\AppData\Roaming\npm-cache\_locks\staging-4664a997d01a69cb.lock for C:\Users\Mario\Desktop\JsToshko\04.Javascript Applications\Workshop 2015 - Self Manager\node_modules\.staging
35 silly doParallel extract 0
36 silly doParallel preinstall 0
37 silly doReverseSerial remove 0
38 silly doSerial move 0
39 silly doSerial finalize 0
40 silly doSerial build 0
41 silly doSerial global-link 0
42 silly doParallel update-linked 0
43 silly doSerial install 0
44 silly doSerial postinstall 0
45 verbose unlock done using C:\Users\Mario\AppData\Roaming\npm-cache\_locks\staging-4664a997d01a69cb.lock for C:\Users\Mario\Desktop\JsToshko\04.Javascript Applications\Workshop 2015 - Self Manager\node_modules\.staging
46 silly executeActions Finishing
47 silly rollbackFailedOptional Starting
48 silly rollbackFailedOptional Finishing
49 silly runTopLevelLifecycles Starting
50 silly install runTopLevelLifecycles
51 silly preinstall self-manager@1.0.0 C:\Users\Mario\Desktop\JsToshko\04.Javascript Applications\Workshop 2015 - Self Manager\self-manager-fa67bdcd
52 info lifecycle self-manager@1.0.0~preinstall: self-manager@1.0.0
53 silly lifecycle self-manager@1.0.0~preinstall: no script for preinstall, continuing
54 silly build self-manager@1.0.0
55 info linkStuff self-manager@1.0.0
56 silly linkStuff self-manager@1.0.0 has C:\Users\Mario\Desktop\JsToshko\04.Javascript Applications as its parent node_modules
57 verbose linkBins self-manager@1.0.0
58 verbose linkMans self-manager@1.0.0
59 silly install self-manager@1.0.0 C:\Users\Mario\Desktop\JsToshko\04.Javascript Applications\Workshop 2015 - Self Manager\self-manager-fa67bdcd
60 info lifecycle self-manager@1.0.0~install: self-manager@1.0.0
61 silly lifecycle self-manager@1.0.0~install: no script for install, continuing
62 silly postinstall self-manager@1.0.0 C:\Users\Mario\Desktop\JsToshko\04.Javascript Applications\Workshop 2015 - Self Manager\self-manager-fa67bdcd
63 info lifecycle self-manager@1.0.0~postinstall: self-manager@1.0.0
64 verbose lifecycle self-manager@1.0.0~postinstall: unsafe-perm in lifecycle true
65 verbose lifecycle self-manager@1.0.0~postinstall: PATH: C:\Program Files\nodejs\node_modules\npm\bin\node-gyp-bin;C:\Users\Mario\Desktop\JsToshko\04.Javascript Applications\Workshop 2015 - Self Manager\node_modules\.bin;C:\Program Files\nodejs;C:\ProgramData\Oracle\Java\javapath;C:\Program Files (x86)\NVIDIA Corporation\PhysX\Common;C:\Program Files (x86)\Intel\iCLS Client\;C:\Program Files\Intel\iCLS Client\;C:\Windows\system32;C:\Windows;C:\Windows\System32\Wbem;C:\Windows\System32\WindowsPowerShell\v1.0\;C:\Program Files\Intel\Intel(R) Management Engine Components\DAL;C:\Program Files\Intel\Intel(R) Management Engine Components\IPT;C:\Program Files (x86)\Intel\Intel(R) Management Engine Components\DAL;C:\Program Files (x86)\Intel\Intel(R) Management Engine Components\IPT;C:\Windows\system32\config\systemprofile\.dnx\bin;C:\Program Files\Microsoft DNX\Dnvm\;C:\Program Files (x86)\Windows Kits\8.1\Windows Performance Toolkit\;C:\Program Files\nodejs\;C:\Program Files\Git\cmd;C:\Program Files\Java\jdk1.8.0_51\bin;C:\Users\Mario\AppData\Roaming\npm;C:\Program Files (x86)\Microsoft VS Code\bin
66 verbose lifecycle self-manager@1.0.0~postinstall: CWD: C:\Users\Mario\Desktop\JsToshko\04.Javascript Applications\Workshop 2015 - Self Manager
67 silly lifecycle self-manager@1.0.0~postinstall: Args: [ '/d /s /c', './node_modules/bower/bin/bower install' ]
68 silly lifecycle self-manager@1.0.0~postinstall: Returned: code: 1  signal: null
69 info lifecycle self-manager@1.0.0~postinstall: Failed to exec postinstall script
70 warn self-manager@1.0.0 No repository field.
71 verbose stack Error: self-manager@1.0.0 postinstall: `./node_modules/bower/bin/bower install`
71 verbose stack Exit status 1
71 verbose stack     at EventEmitter.<anonymous> (C:\Program Files\nodejs\node_modules\npm\lib\utils\lifecycle.js:245:16)
71 verbose stack     at emitTwo (events.js:106:13)
71 verbose stack     at EventEmitter.emit (events.js:191:7)
71 verbose stack     at ChildProcess.<anonymous> (C:\Program Files\nodejs\node_modules\npm\lib\utils\spawn.js:24:14)
71 verbose stack     at emitTwo (events.js:106:13)
71 verbose stack     at ChildProcess.emit (events.js:191:7)
71 verbose stack     at maybeClose (internal/child_process.js:852:16)
71 verbose stack     at Process.ChildProcess._handle.onexit (internal/child_process.js:215:5)
72 verbose pkgid self-manager@1.0.0
73 verbose cwd C:\Users\Mario\Desktop\JsToshko\04.Javascript Applications\Workshop 2015 - Self Manager\public
74 error Windows_NT 6.3.9600
75 error argv "C:\\Program Files\\nodejs\\node.exe" "C:\\Program Files\\nodejs\\node_modules\\npm\\bin\\npm-cli.js" "install"
76 error node v6.2.2
77 error npm  v3.9.5
78 error code ELIFECYCLE
79 error self-manager@1.0.0 postinstall: `./node_modules/bower/bin/bower install`
79 error Exit status 1
80 error Failed at the self-manager@1.0.0 postinstall script './node_modules/bower/bin/bower install'.
80 error Make sure you have the latest version of node.js and npm installed.
80 error If you do, this is most likely a problem with the self-manager package,
80 error not with npm itself.
80 error Tell the author that this fails on your system:
80 error     ./node_modules/bower/bin/bower install
80 error You can get information on how to open an issue for this project with:
80 error     npm bugs self-manager
80 error Or if that isn't available, you can get their info via:
80 error     npm owner ls self-manager
80 error There is likely additional logging output above.
81 verbose exit [ 1, true ]
